Fri 12 Aug 2022 12:49:14 PM UTC: 
 tests:  0|7
total_score: 0/70
6ce0364
Fri 12 Aug 2022 12:55:42 PM UTC: 
 exercises.c | 3 ++-
 1 file changed, 2 insertions(+), 1 deletion(-)
In file included from test.c:5:
exercises.c: In function ‘suma’:
exercises.c:15:7: error: ‘a’ redeclared as different kind of symbol
   15 |   int a, b, c;
      |       ^
exercises.c:14:15: note: previous definition of ‘a’ was here
   14 | void suma(int a, int b, int * c) {
      |           ~~~~^
exercises.c:15:10: error: ‘b’ redeclared as different kind of symbol
   15 |   int a, b, c;
      |          ^
exercises.c:14:22: note: previous definition of ‘b’ was here
   14 | void suma(int a, int b, int * c) {
      |                  ~~~~^
exercises.c:15:13: error: ‘c’ redeclared as different kind of symbol
   15 |   int a, b, c;
      |             ^
exercises.c:14:31: note: previous definition of ‘c’ was here
   14 | void suma(int a, int b, int * c) {
      |                         ~~~~~~^
exercises.c:15:13: error: variable ‘c’ set but not used [-Werror=unused-but-set-variable]
   15 |   int a, b, c;
      |             ^
cc1: all warnings being treated as errors
Compilation failed
23eaaed
Fri 12 Aug 2022 01:05:25 PM UTC: 
 exercises.c | 1 -
 1 file changed, 1 deletion(-)
In file included from test.c:5:
exercises.c: In function ‘suma’:
exercises.c:15:5: error: assignment to ‘int *’ from ‘int’ makes pointer from integer without a cast [-Werror=int-conversion]
   15 |   c = a+b;
      |     ^
cc1: all warnings being treated as errors
Compilation failed
f7c8616
Fri 12 Aug 2022 01:05:43 PM UTC: 
 exercises.c | 2 +-
 1 file changed, 1 insertion(+), 1 deletion(-)
 tests:  1|6
total_score: 10/70
34ba131
Fri 12 Aug 2022 01:20:29 PM UTC: 
 exercises.c | 2 +-
 1 file changed, 1 insertion(+), 1 deletion(-)
In file included from test.c:5:
exercises.c: In function ‘sumaNultimos’:
exercises.c:40:10: error: too few arguments to function ‘sumaN’
   40 |   suma = sumaN()
      |          ^~~~~
exercises.c:21:5: note: declared here
   21 | int sumaN(int a[], int N) {
      |     ^~~~~
exercises.c:40:17: error: expected ‘;’ before ‘}’ token
   40 |   suma = sumaN()
      |                 ^
      |                 ;
   41 | }
      | ~                
Compilation failed
9f0340b
Fri 12 Aug 2022 01:21:00 PM UTC: 
 exercises.c | 2 +-
 1 file changed, 1 insertion(+), 1 deletion(-)
 tests:  1|6
total_score: 10/70
dde8e03
Fri 12 Aug 2022 03:01:25 PM UTC: 
 exercises.c | 2 +-
 1 file changed, 1 insertion(+), 1 deletion(-)
In file included from test.c:5:
exercises.c: In function ‘sumaNultimos’:
exercises.c:40:19: error: expected expression before ‘]’ token
   40 |   *suma = sumaN(a[], n) - sumaN(a[], n-m);
      |                   ^
Compilation failed
5e5770a
Fri 12 Aug 2022 03:03:36 PM UTC: 
 exercises.c | 3 ++-
 1 file changed, 2 insertions(+), 1 deletion(-)
In file included from test.c:5:
exercises.c: In function ‘sumaNultimos’:
exercises.c:41:19: error: expected expression before ‘]’ token
   41 |   *suma = sumaN(a[], n) - sumaN(a[], principio);
      |                   ^
exercises.c:40:7: error: unused variable ‘principio’ [-Werror=unused-variable]
   40 |   int principio = n-m;
      |       ^~~~~~~~~
cc1: all warnings being treated as errors
Compilation failed
0d3ff5c
Fri 12 Aug 2022 03:06:32 PM UTC: 
 exercises.c | 4 ++--
 1 file changed, 2 insertions(+), 2 deletions(-)
In file included from test.c:5:
exercises.c: In function ‘sumaNultimos’:
exercises.c:40:23: error: expected expression before ‘]’ token
   40 |   int total = sumaN(a[], n);
      |                       ^
exercises.c:41:27: error: expected expression before ‘]’ token
   41 |   int principio = sumaN(a[], n-m+1)
      |                           ^
exercises.c:42:1: error: expected ‘,’ or ‘;’ before ‘}’ token
   42 | }
      | ^
test.c: In function ‘test_suma’:
test.c:61:9: error: called object ‘suma’ is not a function or function pointer
   61 |         suma(i,j, res);
      |         ^~~~
In file included from test.c:5:
exercises.c:39:48: note: declared here
   39 | void sumaNultimos(int a[], int n, int m, int * suma) {
      |                                          ~~~~~~^~~~
test.c: In function ‘sumaNultimos’:
test.c:244:5: error: ‘main’ is normally a non-static function [-Werror=main]
  244 | int main( int argc, char *argv[] ) {
      |     ^~~~
test.c:266:1: error: expected declaration or statement at end of input
  266 | }
      | ^
In file included from test.c:5:
exercises.c:41:7: error: unused variable ‘principio’ [-Werror=unused-variable]
   41 |   int principio = sumaN(a[], n-m+1)
      |       ^~~~~~~~~
exercises.c:40:7: error: unused variable ‘total’ [-Werror=unused-variable]
   40 |   int total = sumaN(a[], n);
      |       ^~~~~
At top level:
test.c:244:5: error: ‘main’ defined but not used [-Werror=unused-function]
  244 | int main( int argc, char *argv[] ) {
      |     ^~~~
cc1: all warnings being treated as errors
Compilation failed
a11ed7f
Fri 12 Aug 2022 03:06:43 PM UTC: 
 exercises.c | 2 +-
 1 file changed, 1 insertion(+), 1 deletion(-)
In file included from test.c:5:
exercises.c: In function ‘sumaNultimos’:
exercises.c:40:23: error: expected expression before ‘]’ token
   40 |   int total = sumaN(a[], n);
      |                       ^
exercises.c:41:27: error: expected expression before ‘]’ token
   41 |   int principio = sumaN(a[], n-m+1);
      |                           ^
exercises.c:41:7: error: unused variable ‘principio’ [-Werror=unused-variable]
   41 |   int principio = sumaN(a[], n-m+1);
      |       ^~~~~~~~~
exercises.c:40:7: error: unused variable ‘total’ [-Werror=unused-variable]
   40 |   int total = sumaN(a[], n);
      |       ^~~~~
cc1: all warnings being treated as errors
Compilation failed
b3363db
Fri 12 Aug 2022 03:10:49 PM UTC: 
 exercises.c | 1 +
 1 file changed, 1 insertion(+)
In file included from test.c:5:
exercises.c: In function ‘sumaNultimos’:
exercises.c:40:23: error: expected expression before ‘]’ token
   40 |   int total = sumaN(a[], n);
      |                       ^
exercises.c:41:28: error: expected expression before ‘]’ token
   41 |   int principio = sumaN(a[ ], n-m+1);
      |                            ^
Compilation failed
5ea59a4
Fri 12 Aug 2022 03:11:21 PM UTC: 
 exercises.c | 2 +-
 1 file changed, 1 insertion(+), 1 deletion(-)
In file included from test.c:5:
exercises.c: In function ‘sumaNultimos’:
exercises.c:40:24: error: expected expression before ‘]’ token
   40 |   int total = sumaN(a[ ], n);
      |                        ^
exercises.c:41:28: error: expected expression before ‘]’ token
   41 |   int principio = sumaN(a[ ], n-m);
      |                            ^
Compilation failed
006df9d
Fri 12 Aug 2022 03:19:03 PM UTC: 
 exercises.c | 4 ++++
 1 file changed, 4 insertions(+)
In file included from test.c:5:
exercises.c: In function ‘sumaNultimos’:
exercises.c:40:23: error: expected expression before ‘]’ token
   40 |   int total = sumaN(a[], n);
      |                       ^
exercises.c:41:27: error: expected expression before ‘]’ token
   41 |   int principio = sumaN(a[], n-m);
      |                           ^
exercises.c: In function ‘crearPersona’:
exercises.c:61:4: error: ‘p’ is a pointer; did you mean to use ‘->’?
   61 |   p.nombre = nombre[];
      |    ^
      |    ->
exercises.c:61:21: error: expected expression before ‘]’ token
   61 |   p.nombre = nombre[];
      |                     ^
exercises.c:62:4: error: ‘p’ is a pointer; did you mean to use ‘->’?
   62 |   p.rut = rut[];
      |    ^
      |    ->
exercises.c:62:15: error: expected expression before ‘]’ token
   62 |   p.rut = rut[];
      |               ^
exercises.c:63:4: error: ‘p’ is a pointer; did you mean to use ‘->’?
   63 |   p.edad = edad;
      |    ^
      |    ->
exercises.c:60:12: error: variable ‘p’ set but not used [-Werror=unused-but-set-variable]
   60 |   Persona* p;
      |            ^
cc1: all warnings being treated as errors
Compilation failed
eea9531
Fri 12 Aug 2022 03:21:05 PM UTC: 
 exercises.c | 2 +-
 1 file changed, 1 insertion(+), 1 deletion(-)
In file included from test.c:5:
exercises.c: In function ‘sumaNultimos’:
exercises.c:40:24: error: expected expression before ‘]’ token
   40 |   int total = sumaN(a[ ], n);
      |                        ^
exercises.c:41:28: error: expected expression before ‘]’ token
   41 |   int principio = sumaN(a[ ], n-m);
      |                            ^
exercises.c: In function ‘crearPersona’:
exercises.c:61:4: error: ‘p’ is a pointer; did you mean to use ‘->’?
   61 |   p.nombre = nombre[];
      |    ^
      |    ->
exercises.c:61:21: error: expected expression before ‘]’ token
   61 |   p.nombre = nombre[];
      |                     ^
exercises.c:62:4: error: ‘p’ is a pointer; did you mean to use ‘->’?
   62 |   p.rut = rut[];
      |    ^
      |    ->
exercises.c:62:15: error: expected expression before ‘]’ token
   62 |   p.rut = rut[];
      |               ^
exercises.c:63:4: error: ‘p’ is a pointer; did you mean to use ‘->’?
   63 |   p.edad = edad;
      |    ^
      |    ->
exercises.c:60:12: error: variable ‘p’ set but not used [-Werror=unused-but-set-variable]
   60 |   Persona* p= (Persona*) malloc(sizeof(Persona));
      |            ^
cc1: all warnings being treated as errors
Compilation failed
5852677
Fri 12 Aug 2022 03:22:53 PM UTC: 
 exercises.c | 6 +++---
 1 file changed, 3 insertions(+), 3 deletions(-)
In file included from test.c:5:
exercises.c: In function ‘sumaNultimos’:
exercises.c:40:23: error: expected expression before ‘]’ token
   40 |   int total = sumaN(a[], n);
      |                       ^
exercises.c:41:27: error: expected expression before ‘]’ token
   41 |   int principio = sumaN(a[], n-m);
      |                           ^
exercises.c: In function ‘crearPersona’:
exercises.c:61:22: error: expected expression before ‘]’ token
   61 |   p->nombre = nombre[];
      |                      ^
exercises.c:62:16: error: expected expression before ‘]’ token
   62 |   p->rut = rut[];
      |                ^
Compilation failed
fa9f0ac
Fri 12 Aug 2022 03:24:12 PM UTC: 
 exercises.c | 2 +-
 1 file changed, 1 insertion(+), 1 deletion(-)
In file included from test.c:5:
exercises.c: In function ‘sumaNultimos’:
exercises.c:40:24: error: expected expression before ‘]’ token
   40 |   int total = sumaN(a[ ], n);
      |                        ^
exercises.c:41:28: error: expected expression before ‘]’ token
   41 |   int principio = sumaN(a[ ], n-m);
      |                            ^
exercises.c: In function ‘crearPersona’:
exercises.c:61:4: error: ‘*(Persona **)&p’ is a pointer; did you mean to use ‘->’?
   61 |   p->nombre = nombre[];
      |    ^~
      |    ->
exercises.c:61:22: error: expected expression before ‘]’ token
   61 |   p->nombre = nombre[];
      |                      ^
exercises.c:62:4: error: ‘*(Persona **)&p’ is a pointer; did you mean to use ‘->’?
   62 |   p->rut = rut[];
      |    ^~
      |    ->
exercises.c:62:16: error: expected expression before ‘]’ token
   62 |   p->rut = rut[];
      |                ^
exercises.c:63:4: error: ‘*(Persona **)&p’ is a pointer; did you mean to use ‘->’?
   63 |   p->edad = edad;
      |    ^~
      |    ->
Compilation failed
dd3f649
Fri 12 Aug 2022 03:24:27 PM UTC: 
 exercises.c | 4 ++--
 1 file changed, 2 insertions(+), 2 deletions(-)
In file included from test.c:5:
exercises.c: In function ‘sumaNultimos’:
exercises.c:40:24: error: expected expression before ‘]’ token
   40 |   int total = sumaN(a[ ], n);
      |                        ^
exercises.c:41:28: error: expected expression before ‘]’ token
   41 |   int principio = sumaN(a[ ], n-m);
      |                            ^
exercises.c: In function ‘crearPersona’:
exercises.c:61:4: error: ‘*(Persona **)&p’ is a pointer; did you mean to use ‘->’?
   61 |   p->nombre = nombre;
      |    ^~
      |    ->
exercises.c:62:4: error: ‘*(Persona **)&p’ is a pointer; did you mean to use ‘->’?
   62 |   p->rut = rut;
      |    ^~
      |    ->
exercises.c:63:4: error: ‘*(Persona **)&p’ is a pointer; did you mean to use ‘->’?
   63 |   p->edad = edad;
      |    ^~
      |    ->
Compilation failed
0a9f589
Fri 12 Aug 2022 03:24:36 PM UTC: 
 exercises.c | 4 ++--
 1 file changed, 2 insertions(+), 2 deletions(-)
In file included from test.c:5:
exercises.c: In function ‘crearPersona’:
exercises.c:61:4: error: ‘*(Persona **)&p’ is a pointer; did you mean to use ‘->’?
   61 |   p->nombre = nombre;
      |    ^~
      |    ->
exercises.c:62:4: error: ‘*(Persona **)&p’ is a pointer; did you mean to use ‘->’?
   62 |   p->rut = rut;
      |    ^~
      |    ->
exercises.c:63:4: error: ‘*(Persona **)&p’ is a pointer; did you mean to use ‘->’?
   63 |   p->edad = edad;
      |    ^~
      |    ->
Compilation failed
789dd64
Fri 12 Aug 2022 03:25:00 PM UTC: 
 exercises.c | 6 +++---
 1 file changed, 3 insertions(+), 3 deletions(-)
In file included from test.c:5:
exercises.c: In function ‘crearPersona’:
exercises.c:61:4: error: request for member ‘nombre’ in something not a structure or union
   61 |   p.nombre = nombre;
      |    ^
exercises.c:62:4: error: request for member ‘rut’ in something not a structure or union
   62 |   p.rut = rut;
      |    ^
exercises.c:63:4: error: request for member ‘edad’ in something not a structure or union
   63 |   p.edad = edad;
      |    ^
exercises.c:60:12: error: variable ‘p’ set but not used [-Werror=unused-but-set-variable]
   60 |   Persona* p[3];
      |            ^
cc1: all warnings being treated as errors
Compilation failed
af85e06
Fri 12 Aug 2022 03:26:08 PM UTC: 
 exercises.c | 6 +++---
 1 file changed, 3 insertions(+), 3 deletions(-)
In file included from test.c:5:
exercises.c: In function ‘crearPersona’:
exercises.c:61:7: error: ‘p[0]’ is a pointer; did you mean to use ‘->’?
   61 |   p[0].nombre = nombre;
      |       ^
      |       ->
exercises.c:62:7: error: ‘p[0]’ is a pointer; did you mean to use ‘->’?
   62 |   p[0].rut = rut;
      |       ^
      |       ->
exercises.c:63:7: error: ‘p[0]’ is a pointer; did you mean to use ‘->’?
   63 |   p[0].edad = edad;
      |       ^
      |       ->
exercises.c:60:12: error: variable ‘p’ set but not used [-Werror=unused-but-set-variable]
   60 |   Persona* p[3];
      |            ^
cc1: all warnings being treated as errors
Compilation failed
b8a1fea
Fri 12 Aug 2022 03:26:23 PM UTC: 
 exercises.c | 6 +++---
 1 file changed, 3 insertions(+), 3 deletions(-)
In file included from test.c:5:
exercises.c: In function ‘crearPersona’:
exercises.c:61:16: error: assignment to expression with array type
   61 |   p[0]->nombre = nombre;
      |                ^
exercises.c:62:13: error: assignment to expression with array type
   62 |   p[0]->rut = rut;
      |             ^
Compilation failed
24f8520
Fri 12 Aug 2022 03:26:40 PM UTC: 
 exercises.c | 4 ++--
 1 file changed, 2 insertions(+), 2 deletions(-)
In file included from test.c:5:
exercises.c: In function ‘crearPersona’:
exercises.c:61:25: error: expected expression before ‘]’ token
   61 |   p[0]->nombre = nombre[];
      |                         ^
exercises.c:62:19: error: expected expression before ‘]’ token
   62 |   p[0]->rut = rut[];
      |                   ^
Compilation failed
b25f133
Fri 12 Aug 2022 03:31:46 PM UTC: 
 exercises.c | 1 +
 1 file changed, 1 insertion(+)
In file included from test.c:5:
exercises.c: In function ‘crearPersona’:
exercises.c:61:25: error: expected expression before ‘]’ token
   61 |   p[0]->nombre = nombre[];
      |                         ^
exercises.c:62:19: error: expected expression before ‘]’ token
   62 |   p[0]->rut = rut[];
      |                   ^
exercises.c: In function ‘crearVector’:
exercises.c:81:12: error: unused variable ‘v’ [-Werror=unused-variable]
   81 |   Vector * v=(Vector*)malloc(n);
      |            ^
cc1: all warnings being treated as errors
Compilation failed
322b749
Fri 12 Aug 2022 03:32:07 PM UTC: 
 exercises.c | 2 +-
 1 file changed, 1 insertion(+), 1 deletion(-)
In file included from test.c:5:
exercises.c: In function ‘crearPersona’:
exercises.c:61:25: error: expected expression before ‘]’ token
   61 |   p[0]->nombre = nombre[];
      |                         ^
exercises.c:62:19: error: expected expression before ‘]’ token
   62 |   p[0]->rut = rut[];
      |                   ^
exercises.c:64:11: error: returning ‘Persona **’ from a function with incompatible return type ‘Persona *’ [-Werror=incompatible-pointer-types]
   64 |    return p;
      |           ^
exercises.c:64:11: error: function returns address of local variable [-Werror=return-local-addr]
exercises.c: In function ‘crearVector’:
exercises.c:81:12: error: unused variable ‘v’ [-Werror=unused-variable]
   81 |   Vector * v=(Vector*)malloc(n);
      |            ^
cc1: all warnings being treated as errors
Compilation failed
7c094f0
Fri 12 Aug 2022 03:33:41 PM UTC: 
 exercises.c | 5 +++--
 1 file changed, 3 insertions(+), 2 deletions(-)
In file included from test.c:5:
exercises.c: In function ‘crearPersona’:
exercises.c:61:26: error: expected expression before ‘]’ token
   61 |   p[0]->nombre = nombre[ ];
      |                          ^
exercises.c:62:20: error: expected expression before ‘]’ token
   62 |   p[0]->rut = rut[ ];
      |                    ^
exercises.c:64:11: error: returning ‘Persona **’ from a function with incompatible return type ‘Persona *’ [-Werror=incompatible-pointer-types]
   64 |    return p;
      |           ^
exercises.c:64:11: error: function returns address of local variable [-Werror=return-local-addr]
exercises.c: In function ‘crearVector’:
exercises.c:83:11: error: incompatible types when returning type ‘Vector’ but ‘Vector *’ was expected
   83 |    return *v;
      |           ^~
exercises.c:84:1: error: control reaches end of non-void function [-Werror=return-type]
   84 | }
      | ^
cc1: all warnings being treated as errors
Compilation failed
db486a2
Sat 13 Aug 2022 06:37:51 PM UTC: 
 exercises.c | 7 ++-----
 1 file changed, 2 insertions(+), 5 deletions(-)
In file included from test.c:5:
exercises.c: In function ‘crearVector’:
exercises.c:80:11: error: incompatible types when returning type ‘Vector’ but ‘Vector *’ was expected
   80 |    return *v;
      |           ^~
exercises.c:81:1: error: control reaches end of non-void function [-Werror=return-type]
   81 | }
      | ^
cc1: all warnings being treated as errors
Compilation failed
cbd6adc
Sat 13 Aug 2022 06:38:11 PM UTC: 
 exercises.c | 4 ++--
 1 file changed, 2 insertions(+), 2 deletions(-)
 tests:  2|5
total_score: 20/70
59985a7
Sat 13 Aug 2022 07:28:46 PM UTC: 
 exercises.c | 6 +++++-
 1 file changed, 5 insertions(+), 1 deletion(-)
In file included from test.c:5:
exercises.c: In function ‘crearPersona’:
exercises.c:64:11: error: passing argument 1 of ‘strcpy’ makes pointer from integer without a cast [-Werror=int-conversion]
   64 |   strcpy(p->edad, edad);
      |          ~^~~~~~
      |           |
      |           int
In file included from /nix/store/iwd8ic5hhwdxn5dga0im55g5hjl270cd-glibc-2.33-47-dev/include/features.h:473,
                 from /nix/store/iwd8ic5hhwdxn5dga0im55g5hjl270cd-glibc-2.33-47-dev/include/bits/libc-header-start.h:33,
                 from /nix/store/iwd8ic5hhwdxn5dga0im55g5hjl270cd-glibc-2.33-47-dev/include/stdio.h:27,
                 from test.c:1:
/nix/store/iwd8ic5hhwdxn5dga0im55g5hjl270cd-glibc-2.33-47-dev/include/bits/string_fortified.h:77:1: note: expected ‘char * restrict’ but argument is of type ‘int’
   77 | __NTH (strcpy (char *__restrict __dest, const char *__restrict __src))
      | ^~~~~
In file included from test.c:5:
exercises.c:64:19: error: passing argument 2 of ‘strcpy’ makes pointer from integer without a cast [-Werror=int-conversion]
   64 |   strcpy(p->edad, edad);
      |                   ^~~~
      |                   |
      |                   int
In file included from /nix/store/iwd8ic5hhwdxn5dga0im55g5hjl270cd-glibc-2.33-47-dev/include/features.h:473,
                 from /nix/store/iwd8ic5hhwdxn5dga0im55g5hjl270cd-glibc-2.33-47-dev/include/bits/libc-header-start.h:33,
                 from /nix/store/iwd8ic5hhwdxn5dga0im55g5hjl270cd-glibc-2.33-47-dev/include/stdio.h:27,
                 from test.c:1:
/nix/store/iwd8ic5hhwdxn5dga0im55g5hjl270cd-glibc-2.33-47-dev/include/bits/string_fortified.h:77:1: note: expected ‘const char * restrict’ but argument is of type ‘int’
   77 | __NTH (strcpy (char *__restrict __dest, const char *__restrict __src))
      | ^~~~~
In file included from test.c:5:
exercises.c:65:11: error: incompatible types when returning type ‘Persona’ but ‘Persona *’ was expected
   65 |    return *p;
      |           ^~
exercises.c:66:1: error: control reaches end of non-void function [-Werror=return-type]
   66 | }
      | ^
cc1: all warnings being treated as errors
Compilation failed
e62548e
Sat 13 Aug 2022 07:29:16 PM UTC: 
 exercises.c | 2 +-
 1 file changed, 1 insertion(+), 1 deletion(-)
In file included from test.c:5:
exercises.c: In function ‘crearPersona’:
exercises.c:64:10: error: left-hand operand of comma expression has no effect [-Werror=unused-value]
   64 |   p->edad, edad;
      |          ^
exercises.c:64:3: error: statement with no effect [-Werror=unused-value]
   64 |   p->edad, edad;
      |   ^
exercises.c:65:11: error: incompatible types when returning type ‘Persona’ but ‘Persona *’ was expected
   65 |    return *p;
      |           ^~
exercises.c:66:1: error: control reaches end of non-void function [-Werror=return-type]
   66 | }
      | ^
cc1: all warnings being treated as errors
Compilation failed
f824c9d
Sat 13 Aug 2022 07:29:26 PM UTC: 
 exercises.c | 2 +-
 1 file changed, 1 insertion(+), 1 deletion(-)
In file included from test.c:5:
exercises.c: In function ‘crearPersona’:
exercises.c:65:11: error: incompatible types when returning type ‘Persona’ but ‘Persona *’ was expected
   65 |    return *p;
      |           ^~
exercises.c:66:1: error: control reaches end of non-void function [-Werror=return-type]
   66 | }
      | ^
cc1: all warnings being treated as errors
Compilation failed
a47f90f
Sat 13 Aug 2022 07:29:43 PM UTC: 
 exercises.c | 2 +-
 1 file changed, 1 insertion(+), 1 deletion(-)
 tests:  3|4
total_score: 30/70
e60d25f
Sun 14 Aug 2022 08:57:45 PM UTC: 
 exercises.c | 3 ++-
 1 file changed, 2 insertions(+), 1 deletion(-)
In file included from test.c:5:
exercises.c: In function ‘crearVector’:
exercises.c:82:15: error: too few arguments to function ‘calloc’
   82 |   Vector* v = calloc(sizeof(Vector));
      |               ^~~~~~
In file included from test.c:2:
/nix/store/iwd8ic5hhwdxn5dga0im55g5hjl270cd-glibc-2.33-47-dev/include/stdlib.h:542:14: note: declared here
  542 | extern void *calloc (size_t __nmemb, size_t __size)
      |              ^~~~~~
Compilation failed
101bd7b
Sun 14 Aug 2022 08:58:00 PM UTC: 
 exercises.c | 2 +-
 1 file changed, 1 insertion(+), 1 deletion(-)
 tests:  3|4
total_score: 30/70
e3f4c29
Sun 14 Aug 2022 08:59:11 PM UTC: 
 exercises.c | 1 +
 1 file changed, 1 insertion(+)
 tests:  0|0
822899d
Sun 14 Aug 2022 08:59:33 PM UTC: 
 exercises.c | 2 +-
 1 file changed, 1 insertion(+), 1 deletion(-)
In file included from test.c:5:
exercises.c: In function ‘crearVector’:
exercises.c:82:15: error: too many arguments to function ‘malloc’
   82 |   Vector* v = malloc(n, sizeof(Vector));
      |               ^~~~~~
In file included from test.c:2:
/nix/store/iwd8ic5hhwdxn5dga0im55g5hjl270cd-glibc-2.33-47-dev/include/stdlib.h:539:14: note: declared here
  539 | extern void *malloc (size_t __size) __THROW __attribute_malloc__
      |              ^~~~~~
Compilation failed
0233c4b
Sun 14 Aug 2022 08:59:39 PM UTC: 
 exercises.c | 2 +-
 1 file changed, 1 insertion(+), 1 deletion(-)
 tests:  0|0
b14e776
Sun 14 Aug 2022 09:00:45 PM UTC: 
 exercises.c | 2 ++
 1 file changed, 2 insertions(+)
In file included from test.c:5:
exercises.c: In function ‘crearVector’:
exercises.c:85:39: error: expected ‘;’ before ‘return’
   85 |   v->datos = calloc(n, sizeof(Vector))
      |                                       ^
      |                                       ;
   86 | 
   87 |    return v;
      |    ~~~~~~                              
exercises.c:88:1: error: control reaches end of non-void function [-Werror=return-type]
   88 | }
      | ^
cc1: all warnings being treated as errors
Compilation failed
69e60d4
Sun 14 Aug 2022 09:00:51 PM UTC: 
 exercises.c | 2 +-
 1 file changed, 1 insertion(+), 1 deletion(-)
 tests:  4|3
total_score: 40/70
ad028e3
Sun 14 Aug 2022 09:05:03 PM UTC: 
 exercises.c | 2 +-
 1 file changed, 1 insertion(+), 1 deletion(-)
In file included from test.c:5:
exercises.c: In function ‘asignarValor’:
exercises.c:96:8: error: incompatible types when assigning to type ‘Vector’ from type ‘int’
   96 |   v[i]=valor;
      |        ^~~~~
Compilation failed
f7650ae
Sun 14 Aug 2022 09:06:18 PM UTC: 
 exercises.c | 2 +-
 1 file changed, 1 insertion(+), 1 deletion(-)
In file included from test.c:5:
exercises.c: In function ‘asignarValor’:
exercises.c:96:3: error: invalid type argument of unary ‘*’ (have ‘int’)
   96 |   *v->datos[i] = valor;
      |   ^~~~~~~~~~~~
Compilation failed
67fb802
Sun 14 Aug 2022 09:06:35 PM UTC: 
 exercises.c | 2 +-
 1 file changed, 1 insertion(+), 1 deletion(-)
In file included from test.c:5:
exercises.c: In function ‘asignarValor’:
exercises.c:96:3: error: invalid type argument of unary ‘*’ (have ‘int’)
   96 |   *(v->datos[i]) = valor;
      |   ^~~~~~~~~~~~~~
Compilation failed
82da267
Sun 14 Aug 2022 09:06:59 PM UTC: 
 exercises.c | 2 +-
 1 file changed, 1 insertion(+), 1 deletion(-)
In file included from test.c:5:
exercises.c: In function ‘asignarValor’:
exercises.c:96:13: error: expected ‘)’ before ‘i’
   96 |   *(v->datos i) = valor;
      |    ~        ^~
      |             )
Compilation failed
b7b734d
Sun 14 Aug 2022 09:07:12 PM UTC: 
 exercises.c | 2 +-
 1 file changed, 1 insertion(+), 1 deletion(-)
 tests:  4|3
total_score: 40/70
ad3f626
Sun 14 Aug 2022 09:08:04 PM UTC: 
 exercises.c | 2 +-
 1 file changed, 1 insertion(+), 1 deletion(-)
 tests:  4|3
total_score: 40/70
4179d02
Sun 14 Aug 2022 09:09:44 PM UTC: 
 exercises.c | 3 ++-
 1 file changed, 2 insertions(+), 1 deletion(-)
 tests:  6|2
total_score: 50/70
569a8c0
Sun 14 Aug 2022 09:10:09 PM UTC: 
 exercises.c | 4 ++--
 1 file changed, 2 insertions(+), 2 deletions(-)
 tests:  4|3
total_score: 40/70
d9bc430
